<?xml version="1.0" encoding="UTF-8"?>
<!-- Generated by org.testng.reporters.JUnitReportReporter -->
<testsuite hostname="ATMECSINLT-038" failures="0" tests="4" name="test.calculator.methods.Testing" time="0.018" errors="0" timestamp="20 Aug 2019 09:33:49 GMT" skipped="0">
  <testcase classname="test.calculator.methods.Testing" name="TestAdd" time="0.008"/>
  <testcase classname="test.calculator.methods.Testing" name="TestDivide" time="0.004"/>
  <testcase classname="test.calculator.methods.Testing" name="TestMultiply" time="0.004"/>
  <testcase classname="test.calculator.methods.Testing" name="TestSubstract" time="0.002"/>
</testsuite> <!-- test.calculator.methods.Testing -->
